正在清理构建目录：c:\Users\LuZiang\Documents\code\huangshanpi-watch-tutorial\lv0-black-bg\project\build_sf32lb52-lchspi-ulp_hcpu
已清理构建目录：project\build_sf32lb52-lchspi-ulp_hcpu
SiFli: Clean 已完成，退出码 0。
Queued: scons --board=sf32lb52-lchspi-ulp -j8
Working directory: c:\Users\LuZiang\Documents\code\huangshanpi-watch-tutorial\lv0-black-bg\project
Command: scons --board=sf32lb52-lchspi-ulp -j8
正在使用缓存的 SiFli SDK 环境。
scons: Reading SConscript files ...
Board: sf32lb52-lchspi-ulp_hcpu
Adding ftab subproject for chip: SF32LB52X (ptab v1/v2)
========
Multi-Project Info
--------
full_name       main.bootloader
parent          main
bsp_root        C:\Users\LuZiang\Documents\code\OpenSiFli\SiFli-SDK\main\example\boot_loader\project\butterflmicro\ram_v2
build_dir       build_sf32lb52-lchspi-ulp_hcpu/bootloader
link_script     C:\Users\LuZiang\Documents\code\OpenSiFli\SiFli-SDK\main\example/boot_loader/project/butterflmicro/ram_v2\link
ptab            C:\Users\LuZiang\Documents\code\OpenSiFli\SiFli-SDK\main\customer\boards\sf32lb52-lchspi-ulp\ptab.json
embedded:       False
--------
full_name       main
parent          
bsp_root        C:\Users\LuZiang\Documents\code\huangshanpi-watch-tutorial\lv0-black-bg\project
build_dir       build_sf32lb52-lchspi-ulp_hcpu/
link_script     C:\Users\LuZiang\Documents\code\OpenSiFli\SiFli-SDK\main\drivers/cmsis/sf32lb52x/Templates/gcc/hcpu/link
ptab            C:\Users\LuZiang\Documents\code\OpenSiFli\SiFli-SDK\main\customer\boards\sf32lb52-lchspi-ulp\ptab.json
--------
full_name       main.ftab
parent          main
bsp_root        C:\Users\LuZiang\Documents\code\OpenSiFli\SiFli-SDK\main\example\flash_table\sf32lb52x_common_v2
build_dir       build_sf32lb52-lchspi-ulp_hcpu/ftab
link_script     C:\Users\LuZiang\Documents\code\OpenSiFli\SiFli-SDK\main\drivers/cmsis/sf32lb52x/Templates/gcc/hcpu/link
ptab            C:\Users\LuZiang\Documents\code\OpenSiFli\SiFli-SDK\main\customer\boards\sf32lb52-lchspi-ulp\ptab.json
embedded:       False
========
scons: done reading SConscript files.
scons: Building targets ...
scons: building associated VariantDir targets: build_sf32lb52-lchspi-ulp_hcpu
Generating build_sf32lb52-lchspi-ulp_hcpu\bootloader\ptab.h ...
CC build_sf32lb52-lchspi-ulp_hcpu\bootloader\sifli_sdk\drivers\cmsis\sf32lb52x\bf0_pin_const.o
CC build_sf32lb52-lchspi-ulp_hcpu\bootloader\board\board_psram.o
CC build_sf32lb52-lchspi-ulp_hcpu\bootloader\board\board.o
CC build_sf32lb52-lchspi-ulp_hcpu\bootloader\sifli_sdk\customer\boards\common\bsp_psram.o
CC build_sf32lb52-lchspi-ulp_hcpu\bootloader\board\bf0_ap_hal_msp.o
CC build_sf32lb52-lchspi-ulp_hcpu\bootloader\board\sd_nand_ops.o
CC build_sf32lb52-lchspi-ulp_hcpu\bootloader\sifli_sdk\customer\boards\sf32lb52-lchspi-ulp_base\bsp_lcd_tp.o
CC build_sf32lb52-lchspi-ulp_hcpu\bootloader\board\sd_nand_drv.o
CC build_sf32lb52-lchspi-ulp_hcpu\bootloader\sifli_sdk\customer\boards\sf32lb52-lchspi-ulp_base\bsp_power.o
CC build_sf32lb52-lchspi-ulp_hcpu\bootloader\sifli_sdk\customer\boards\sf32lb52-lchspi-ulp_base\bsp_init.o
CC build_sf32lb52-lchspi-ulp_hcpu\bootloader\board\secboot.o
CC build_sf32lb52-lchspi-ulp_hcpu\bootloader\sifli_sdk\customer\boards\sf32lb52-lchspi-ulp_base\bsp_pinmux.o
CC build_sf32lb52-lchspi-ulp_hcpu\bootloader\board\sd_emmc_ops.o
CC build_sf32lb52-lchspi-ulp_hcpu\bootloader\board\main.o
CC build_sf32lb52-lchspi-ulp_hcpu\bootloader\sifli_sdk\customer\boards\common\flash.o
CC build_sf32lb52-lchspi-ulp_hcpu\bootloader\sifli_sdk\customer\boards\common\bsp_common.o
CC build_sf32lb52-lchspi-ulp_hcpu\bootloader\board\efuse.o
CC build_sf32lb52-lchspi-ulp_hcpu\bootloader\board\boot_flash.o
CC build_sf32lb52-lchspi-ulp_hcpu\bootloader\sifli_sdk\drivers\cmsis\sf32lb52x\Templates\system_bf0_ap.o
CC build_sf32lb52-lchspi-ulp_hcpu\bootloader\sifli_sdk\drivers\cmsis\sf32lb52x\lcpu_config_type.o
CC build_sf32lb52-lchspi-ulp_hcpu\bootloader\sifli_sdk\drivers\cmsis\sf32lb52x\pmu_ldo_update.o
AS build_sf32lb52-lchspi-ulp_hcpu\bootloader\sifli_sdk\drivers\cmsis\sf32lb52x\Templates\gcc\startup_bf0_hcpu.o
CC build_sf32lb52-lchspi-ulp_hcpu\bootloader\sifli_sdk\drivers\hal\bf0_hal.o
CC build_sf32lb52-lchspi-ulp_hcpu\bootloader\sifli_sdk\drivers\hal\bf0_hal_adc.o
CC build_sf32lb52-lchspi-ulp_hcpu\bootloader\sifli_sdk\drivers\hal\bf0_hal_aes.o
CC build_sf32lb52-lchspi-ulp_hcpu\bootloader\sifli_sdk\drivers\hal\bf0_hal_aes_ns.o
CC build_sf32lb52-lchspi-ulp_hcpu\bootloader\sifli_sdk\drivers\hal\bf0_hal_audcodec_m.o
CC build_sf32lb52-lchspi-ulp_hcpu\bootloader\sifli_sdk\drivers\hal\bf0_hal_audprc.o
CC build_sf32lb52-lchspi-ulp_hcpu\bootloader\sifli_sdk\drivers\hal\bf0_hal_bleaon.o
CC build_sf32lb52-lchspi-ulp_hcpu\bootloader\sifli_sdk\drivers\hal\bf0_hal_busmon.o
CC build_sf32lb52-lchspi-ulp_hcpu\bootloader\sifli_sdk\drivers\hal\bf0_hal_can.o
CC build_sf32lb52-lchspi-ulp_hcpu\bootloader\sifli_sdk\drivers\hal\bf0_hal_cortex.o
CC build_sf32lb52-lchspi-ulp_hcpu\bootloader\sifli_sdk\drivers\hal\bf0_hal_crc.o
CC build_sf32lb52-lchspi-ulp_hcpu\bootloader\sifli_sdk\drivers\hal\bf0_hal_dcmi.o
CC build_sf32lb52-lchspi-ulp_hcpu\bootloader\sifli_sdk\drivers\hal\bf0_hal_dma.o
CC build_sf32lb52-lchspi-ulp_hcpu\bootloader\sifli_sdk\drivers\hal\bf0_hal_dsi.o
CC build_sf32lb52-lchspi-ulp_hcpu\bootloader\sifli_sdk\drivers\hal\bf0_hal_efuse.o
CC build_sf32lb52-lchspi-ulp_hcpu\bootloader\sifli_sdk\drivers\hal\bf0_hal_epic.o
CC build_sf32lb52-lchspi-ulp_hcpu\bootloader\sifli_sdk\drivers\hal\bf0_hal_epictl.o
CC build_sf32lb52-lchspi-ulp_hcpu\bootloader\sifli_sdk\drivers\hal\bf0_hal_ext_dma.o
CC build_sf32lb52-lchspi-ulp_hcpu\bootloader\sifli_sdk\drivers\hal\bf0_hal_ezip.o
CC build_sf32lb52-lchspi-ulp_hcpu\bootloader\sifli_sdk\drivers\hal\bf0_hal_facc.o
CC build_sf32lb52-lchspi-ulp_hcpu\bootloader\sifli_sdk\drivers\hal\bf0_hal_fft.o
CC build_sf32lb52-lchspi-ulp_hcpu\bootloader\sifli_sdk\drivers\hal\bf0_hal_gpio.o
CC build_sf32lb52-lchspi-ulp_hcpu\bootloader\sifli_sdk\drivers\hal\bf0_hal_hcd.o
CC build_sf32lb52-lchspi-ulp_hcpu\bootloader\sifli_sdk\drivers\hal\bf0_hal_hlp.o
CC build_sf32lb52-lchspi-ulp_hcpu\bootloader\sifli_sdk\drivers\hal\bf0_hal_hpaon.o
CC build_sf32lb52-lchspi-ulp_hcpu\bootloader\sifli_sdk\drivers\hal\bf0_hal_i2c.o
CC build_sf32lb52-lchspi-ulp_hcpu\bootloader\sifli_sdk\drivers\hal\bf0_hal_i2s.o
CC build_sf32lb52-lchspi-ulp_hcpu\bootloader\sifli_sdk\drivers\hal\bf0_hal_jpegd.o
CC build_sf32lb52-lchspi-ulp_hcpu\bootloader\sifli_sdk\drivers\hal\bf0_hal_lcdc.o
CC build_sf32lb52-lchspi-ulp_hcpu\bootloader\sifli_sdk\drivers\hal\bf0_hal_lcdc_aux.o
CC build_sf32lb52-lchspi-ulp_hcpu\bootloader\sifli_sdk\drivers\hal\bf0_hal_lcpu_config.o
CC build_sf32lb52-lchspi-ulp_hcpu\bootloader\sifli_sdk\drivers\hal\bf0_hal_lpaon.o
CC build_sf32lb52-lchspi-ulp_hcpu\bootloader\sifli_sdk\drivers\hal\bf0_hal_lpcomp.o
CC build_sf32lb52-lchspi-ulp_hcpu\bootloader\sifli_sdk\drivers\hal\bf0_hal_lptim.o
CC build_sf32lb52-lchspi-ulp_hcpu\bootloader\sifli_sdk\drivers\hal\bf0_hal_lrc_cal.o
CC build_sf32lb52-lchspi-ulp_hcpu\bootloader\sifli_sdk\drivers\hal\bf0_hal_mailbox.o
CC build_sf32lb52-lchspi-ulp_hcpu\bootloader\sifli_sdk\drivers\hal\bf0_hal_mpi.o
CC build_sf32lb52-lchspi-ulp_hcpu\bootloader\sifli_sdk\drivers\hal\bf0_hal_mpi_ex.o
CC build_sf32lb52-lchspi-ulp_hcpu\bootloader\sifli_sdk\drivers\hal\bf0_hal_mpi_psram.o
CC build_sf32lb52-lchspi-ulp_hcpu\bootloader\sifli_sdk\drivers\hal\bf0_hal_nn_acc.o
CC build_sf32lb52-lchspi-ulp_hcpu\bootloader\sifli_sdk\drivers\hal\bf0_hal_patch.o
CC build_sf32lb52-lchspi-ulp_hcpu\bootloader\sifli_sdk\drivers\hal\bf0_hal_pcd.o
CC build_sf32lb52-lchspi-ulp_hcpu\bootloader\sifli_sdk\drivers\hal\bf0_hal_pdm.o
CC build_sf32lb52-lchspi-ulp_hcpu\bootloader\sifli_sdk\drivers\hal\bf0_hal_pinmux.o
CC build_sf32lb52-lchspi-ulp_hcpu\bootloader\sifli_sdk\drivers\hal\bf0_hal_pmu.o
CC build_sf32lb52-lchspi-ulp_hcpu\bootloader\sifli_sdk\drivers\hal\bf0_hal_psram.o
CC build_sf32lb52-lchspi-ulp_hcpu\bootloader\sifli_sdk\drivers\hal\bf0_hal_ptc.o
CC build_sf32lb52-lchspi-ulp_hcpu\bootloader\sifli_sdk\drivers\hal\bf0_hal_pwm.o
CC build_sf32lb52-lchspi-ulp_hcpu\bootloader\sifli_sdk\drivers\hal\bf0_hal_rcc.o
CC build_sf32lb52-lchspi-ulp_hcpu\bootloader\sifli_sdk\drivers\hal\bf0_hal_rng.o
CC build_sf32lb52-lchspi-ulp_hcpu\bootloader\sifli_sdk\drivers\hal\bf0_hal_rtc.o
CC build_sf32lb52-lchspi-ulp_hcpu\bootloader\sifli_sdk\drivers\hal\bf0_hal_sd_ex.o
CC build_sf32lb52-lchspi-ulp_hcpu\bootloader\sifli_sdk\drivers\hal\bf0_hal_sdadc.o
CC build_sf32lb52-lchspi-ulp_hcpu\bootloader\sifli_sdk\drivers\hal\bf0_hal_sdhci.o
CC build_sf32lb52-lchspi-ulp_hcpu\bootloader\sifli_sdk\drivers\hal\bf0_hal_sdmmc.o
CC build_sf32lb52-lchspi-ulp_hcpu\bootloader\sifli_sdk\drivers\hal\bf0_hal_secu.o
CC build_sf32lb52-lchspi-ulp_hcpu\bootloader\sifli_sdk\drivers\hal\bf0_hal_spi.o
CC build_sf32lb52-lchspi-ulp_hcpu\bootloader\sifli_sdk\drivers\hal\bf0_hal_tim.o
CC build_sf32lb52-lchspi-ulp_hcpu\bootloader\sifli_sdk\drivers\hal\bf0_hal_tim_ex.o
CC build_sf32lb52-lchspi-ulp_hcpu\bootloader\sifli_sdk\drivers\hal\bf0_hal_tsen.o
CC build_sf32lb52-lchspi-ulp_hcpu\bootloader\sifli_sdk\drivers\hal\bf0_hal_uart.o
CC build_sf32lb52-lchspi-ulp_hcpu\bootloader\sifli_sdk\drivers\hal\bf0_hal_wdt.o
CC build_sf32lb52-lchspi-ulp_hcpu\bootloader\sifli_sdk\drivers\hal\bf0_sys_cfg.o
CC build_sf32lb52-lchspi-ulp_hcpu\bootloader\sifli_sdk\drivers\hal\flash_table.o
CC build_sf32lb52-lchspi-ulp_hcpu\bootloader\sifli_sdk\drivers\hal\nand_table.o
CC build_sf32lb52-lchspi-ulp_hcpu\bootloader\sifli_sdk\drivers\hal\sifli_bbm.o
CC build_sf32lb52-lchspi-ulp_hcpu\bootloader\sifli_sdk\external\mbedtls\library\aes.o
CC build_sf32lb52-lchspi-ulp_hcpu\bootloader\sifli_sdk\external\mbedtls\library\cipher.o
CC build_sf32lb52-lchspi-ulp_hcpu\bootloader\sifli_sdk\external\mbedtls\library\cipher_wrap.o
CC build_sf32lb52-lchspi-ulp_hcpu\bootloader\sifli_sdk\external\mbedtls\library\cmac.o
CC build_sf32lb52-lchspi-ulp_hcpu\bootloader\sifli_sdk\external\mbedtls\library\md.o
CC build_sf32lb52-lchspi-ulp_hcpu\bootloader\sifli_sdk\external\mbedtls\library\md_wrap.o
CC build_sf32lb52-lchspi-ulp_hcpu\bootloader\sifli_sdk\external\mbedtls\library\platform.o
CC build_sf32lb52-lchspi-ulp_hcpu\bootloader\sifli_sdk\external\mbedtls\library\sha256.o
CC build_sf32lb52-lchspi-ulp_hcpu\bootloader\sifli_sdk\external\mbedtls\library\sha512.o
CC build_sf32lb52-lchspi-ulp_hcpu\bootloader\sifli_sdk\external\mbedtls\library\asn1parse.o
CC build_sf32lb52-lchspi-ulp_hcpu\bootloader\sifli_sdk\external\mbedtls\library\bignum.o
CC build_sf32lb52-lchspi-ulp_hcpu\bootloader\sifli_sdk\external\mbedtls\library\oid.o
CC build_sf32lb52-lchspi-ulp_hcpu\bootloader\sifli_sdk\external\mbedtls\library\pk.o
CC build_sf32lb52-lchspi-ulp_hcpu\bootloader\sifli_sdk\external\mbedtls\library\pkparse.o
CC build_sf32lb52-lchspi-ulp_hcpu\bootloader\sifli_sdk\external\mbedtls\library\pk_wrap.o
CC build_sf32lb52-lchspi-ulp_hcpu\bootloader\sifli_sdk\external\mbedtls\library\rsa.o
CC build_sf32lb52-lchspi-ulp_hcpu\bootloader\sifli_sdk\external\mbedtls\library\sm2.o
CC build_sf32lb52-lchspi-ulp_hcpu\bootloader\sifli_sdk\external\mbedtls\library\sm3.o
CC build_sf32lb52-lchspi-ulp_hcpu\bootloader\sifli_sdk\external\mbedtls\library\ecp.o
CC build_sf32lb52-lchspi-ulp_hcpu\bootloader\sifli_sdk\external\mbedtls\library\ecp_curves.o
CC build_sf32lb52-lchspi-ulp_hcpu\bootloader\sifli_sdk\external\mbedtls\library\ctr_drbg.o
CC build_sf32lb52-lchspi-ulp_hcpu\bootloader\sifli_sdk\middleware\sifli_matrix\sifli_matrix.o
Generating build_sf32lb52-lchspi-ulp_hcpu\bootloader\link_copy.lds ...
LINK build_sf32lb52-lchspi-ulp_hcpu\bootloader\bootloader.elf
C:/Users/LuZiang/.sifli/tools/arm-none-eabi-gcc/14.2.1/bin/../lib/gcc/arm-none-eabi/14.2.1/../../../../arm-none-eabi/bin/ld.exe: warning: build_sf32lb52-lchspi-ulp_hcpu\bootloader\bootloader.elf has a LOAD segment with RWX permissions
Generating build_sf32lb52-lchspi-ulp_hcpu\bootloader\bootloader.bin ...
Generating build_sf32lb52-lchspi-ulp_hcpu\bootloader\bootloader.asm ...
Generating build_sf32lb52-lchspi-ulp_hcpu\bootloader\bootloader.hex ...
Building compilation database build_sf32lb52-lchspi-ulp_hcpu\bootloader\compile_commands.json
Building compilation database build_sf32lb52-lchspi-ulp_hcpu\compile_commands.json
Generating build_sf32lb52-lchspi-ulp_hcpu\ptab.h ...
CC build_sf32lb52-lchspi-ulp_hcpu\sifli_sdk\customer\peripherals\charger\charge.o
CC build_sf32lb52-lchspi-ulp_hcpu\sifli_sdk\customer\boards\sf32lb52-lchspi-ulp_base\bsp_init.o
CC build_sf32lb52-lchspi-ulp_hcpu\sifli_sdk\customer\boards\sf32lb52-lchspi-ulp_base\bsp_power.o
CC build_sf32lb52-lchspi-ulp_hcpu\sifli_sdk\customer\boards\sf32lb52-lchspi-ulp_base\bsp_lcd_tp.o
CC build_sf32lb52-lchspi-ulp_hcpu\sifli_sdk\customer\boards\sf32lb52-lchspi-ulp_base\bsp_pinmux.o
CC build_sf32lb52-lchspi-ulp_hcpu\sifli_sdk\customer\boards\common\bsp_psram.o
CC build_sf32lb52-lchspi-ulp_hcpu\sifli_sdk\customer\boards\common\flash.o
CC build_sf32lb52-lchspi-ulp_hcpu\sifli_sdk\customer\boards\common\bsp_common.o
CC build_sf32lb52-lchspi-ulp_hcpu\sifli_sdk\customer\peripherals\charger\aw32001\aw32001.o
CC build_sf32lb52-lchspi-ulp_hcpu\sifli_sdk\customer\peripherals\display\co5300\co5300.o
CC build_sf32lb52-lchspi-ulp_hcpu\sifli_sdk\customer\peripherals\pa\AW8155\sifli_aw8155.o
CC build_sf32lb52-lchspi-ulp_hcpu\sifli_sdk\customer\peripherals\touch_panel\ft6146\ft6146.o
CC build_sf32lb52-lchspi-ulp_hcpu\sifli_sdk\drivers\cmsis\sf32lb52x\bf0_pin_const.o
CC build_sf32lb52-lchspi-ulp_hcpu\sifli_sdk\drivers\cmsis\sf32lb52x\Templates\system_bf0_ap.o
CC build_sf32lb52-lchspi-ulp_hcpu\sifli_sdk\drivers\cmsis\sf32lb52x\lcpu_config_type.o
CC build_sf32lb52-lchspi-ulp_hcpu\sifli_sdk\drivers\cmsis\sf32lb52x\pmu_ldo_update.o
CC build_sf32lb52-lchspi-ulp_hcpu\sifli_sdk\drivers\cmsis\sf32lb52x\lcpu_patch.o
CC build_sf32lb52-lchspi-ulp_hcpu\sifli_sdk\drivers\cmsis\sf32lb52x\lcpu_patch_rev_b.o
CC build_sf32lb52-lchspi-ulp_hcpu\sifli_sdk\drivers\cmsis\sf32lb52x\bt_rf_fulcal.o
CC build_sf32lb52-lchspi-ulp_hcpu\sifli_sdk\drivers\cmsis\sf32lb52x\bt_rf_cw_config.o
CC build_sf32lb52-lchspi-ulp_hcpu\sifli_sdk\drivers\cmsis\sf32lb52x\bt_power_config.o
CC build_sf32lb52-lchspi-ulp_hcpu\sifli_sdk\drivers\cmsis\sf32lb52x\bf0_lcpu_init.o
CC build_sf32lb52-lchspi-ulp_hcpu\sifli_sdk\drivers\cmsis\sf32lb52x\bt_rf_test.o
CC build_sf32lb52-lchspi-ulp_hcpu\sifli_sdk\drivers\cmsis\sf32lb52x\bt_afh_test.o
AS build_sf32lb52-lchspi-ulp_hcpu\sifli_sdk\drivers\cmsis\sf32lb52x\Templates\gcc\startup_bf0_hcpu.o
CC build_sf32lb52-lchspi-ulp_hcpu\sifli_sdk\drivers\hal\bf0_hal.o
CC build_sf32lb52-lchspi-ulp_hcpu\sifli_sdk\drivers\hal\bf0_hal_adc.o
CC build_sf32lb52-lchspi-ulp_hcpu\sifli_sdk\drivers\hal\bf0_hal_aes.o
CC build_sf32lb52-lchspi-ulp_hcpu\sifli_sdk\drivers\hal\bf0_hal_aes_ns.o
CC build_sf32lb52-lchspi-ulp_hcpu\sifli_sdk\drivers\hal\bf0_hal_audcodec_m.o
CC build_sf32lb52-lchspi-ulp_hcpu\sifli_sdk\drivers\hal\bf0_hal_audprc.o
CC build_sf32lb52-lchspi-ulp_hcpu\sifli_sdk\drivers\hal\bf0_hal_bleaon.o
Queued: scons --board=sf32lb52-lchspi-ulp --target=json
CC build_sf32lb52-lchspi-ulp_hcpu\sifli_sdk\drivers\hal\bf0_hal_busmon.o
CC build_sf32lb52-lchspi-ulp_hcpu\sifli_sdk\drivers\hal\bf0_hal_can.o
CC build_sf32lb52-lchspi-ulp_hcpu\sifli_sdk\drivers\hal\bf0_hal_cortex.o
CC build_sf32lb52-lchspi-ulp_hcpu\sifli_sdk\drivers\hal\bf0_hal_crc.o
CC build_sf32lb52-lchspi-ulp_hcpu\sifli_sdk\drivers\hal\bf0_hal_dcmi.o
CC build_sf32lb52-lchspi-ulp_hcpu\sifli_sdk\drivers\hal\bf0_hal_dma.o
CC build_sf32lb52-lchspi-ulp_hcpu\sifli_sdk\drivers\hal\bf0_hal_dsi.o
CC build_sf32lb52-lchspi-ulp_hcpu\sifli_sdk\drivers\hal\bf0_hal_efuse.o
CC build_sf32lb52-lchspi-ulp_hcpu\sifli_sdk\drivers\hal\bf0_hal_epic.o
CC build_sf32lb52-lchspi-ulp_hcpu\sifli_sdk\drivers\hal\bf0_hal_epictl.o
CC build_sf32lb52-lchspi-ulp_hcpu\sifli_sdk\drivers\hal\bf0_hal_ext_dma.o
CC build_sf32lb52-lchspi-ulp_hcpu\sifli_sdk\drivers\hal\bf0_hal_ezip.o
CC build_sf32lb52-lchspi-ulp_hcpu\sifli_sdk\drivers\hal\bf0_hal_facc.o
CC build_sf32lb52-lchspi-ulp_hcpu\sifli_sdk\drivers\hal\bf0_hal_fft.o
CC build_sf32lb52-lchspi-ulp_hcpu\sifli_sdk\drivers\hal\bf0_hal_gpio.o
CC build_sf32lb52-lchspi-ulp_hcpu\sifli_sdk\drivers\hal\bf0_hal_hcd.o
CC build_sf32lb52-lchspi-ulp_hcpu\sifli_sdk\drivers\hal\bf0_hal_hlp.o
CC build_sf32lb52-lchspi-ulp_hcpu\sifli_sdk\drivers\hal\bf0_hal_hpaon.o
CC build_sf32lb52-lchspi-ulp_hcpu\sifli_sdk\drivers\hal\bf0_hal_i2c.o
CC build_sf32lb52-lchspi-ulp_hcpu\sifli_sdk\drivers\hal\bf0_hal_i2s.o
CC build_sf32lb52-lchspi-ulp_hcpu\sifli_sdk\drivers\hal\bf0_hal_jpegd.o
CC build_sf32lb52-lchspi-ulp_hcpu\sifli_sdk\drivers\hal\bf0_hal_lcdc.o
CC build_sf32lb52-lchspi-ulp_hcpu\sifli_sdk\drivers\hal\bf0_hal_lcdc_aux.o
CC build_sf32lb52-lchspi-ulp_hcpu\sifli_sdk\drivers\hal\bf0_hal_lcpu_config.o
CC build_sf32lb52-lchspi-ulp_hcpu\sifli_sdk\drivers\hal\bf0_hal_lpaon.o
CC build_sf32lb52-lchspi-ulp_hcpu\sifli_sdk\drivers\hal\bf0_hal_lpcomp.o
CC build_sf32lb52-lchspi-ulp_hcpu\sifli_sdk\drivers\hal\bf0_hal_lptim.o
CC build_sf32lb52-lchspi-ulp_hcpu\sifli_sdk\drivers\hal\bf0_hal_lrc_cal.o
CC build_sf32lb52-lchspi-ulp_hcpu\sifli_sdk\drivers\hal\bf0_hal_mailbox.o
CC build_sf32lb52-lchspi-ulp_hcpu\sifli_sdk\drivers\hal\bf0_hal_mpi.o
CC build_sf32lb52-lchspi-ulp_hcpu\sifli_sdk\drivers\hal\bf0_hal_mpi_ex.o
CC build_sf32lb52-lchspi-ulp_hcpu\sifli_sdk\drivers\hal\bf0_hal_mpi_psram.o
CC build_sf32lb52-lchspi-ulp_hcpu\sifli_sdk\drivers\hal\bf0_hal_nn_acc.o
CC build_sf32lb52-lchspi-ulp_hcpu\sifli_sdk\drivers\hal\bf0_hal_patch.o
CC build_sf32lb52-lchspi-ulp_hcpu\sifli_sdk\drivers\hal\bf0_hal_pcd.o
CC build_sf32lb52-lchspi-ulp_hcpu\sifli_sdk\drivers\hal\bf0_hal_pdm.o
CC build_sf32lb52-lchspi-ulp_hcpu\sifli_sdk\drivers\hal\bf0_hal_pinmux.o
CC build_sf32lb52-lchspi-ulp_hcpu\sifli_sdk\drivers\hal\bf0_hal_pmu.o
CC build_sf32lb52-lchspi-ulp_hcpu\sifli_sdk\drivers\hal\bf0_hal_psram.o
CC build_sf32lb52-lchspi-ulp_hcpu\sifli_sdk\drivers\hal\bf0_hal_ptc.o
CC build_sf32lb52-lchspi-ulp_hcpu\sifli_sdk\drivers\hal\bf0_hal_pwm.o
CC build_sf32lb52-lchspi-ulp_hcpu\sifli_sdk\drivers\hal\bf0_hal_rcc.o
CC build_sf32lb52-lchspi-ulp_hcpu\sifli_sdk\drivers\hal\bf0_hal_rng.o
CC build_sf32lb52-lchspi-ulp_hcpu\sifli_sdk\drivers\hal\bf0_hal_rtc.o
CC build_sf32lb52-lchspi-ulp_hcpu\sifli_sdk\drivers\hal\bf0_hal_sd_ex.o
CC build_sf32lb52-lchspi-ulp_hcpu\sifli_sdk\drivers\hal\bf0_hal_sdadc.o
CC build_sf32lb52-lchspi-ulp_hcpu\sifli_sdk\drivers\hal\bf0_hal_sdhci.o
CC build_sf32lb52-lchspi-ulp_hcpu\sifli_sdk\drivers\hal\bf0_hal_sdmmc.o
CC build_sf32lb52-lchspi-ulp_hcpu\sifli_sdk\drivers\hal\bf0_hal_secu.o
CC build_sf32lb52-lchspi-ulp_hcpu\sifli_sdk\drivers\hal\bf0_hal_spi.o
CC build_sf32lb52-lchspi-ulp_hcpu\sifli_sdk\drivers\hal\bf0_hal_tim.o
CC build_sf32lb52-lchspi-ulp_hcpu\sifli_sdk\drivers\hal\bf0_hal_tim_ex.o
CC build_sf32lb52-lchspi-ulp_hcpu\sifli_sdk\drivers\hal\bf0_hal_tsen.o
CC build_sf32lb52-lchspi-ulp_hcpu\sifli_sdk\drivers\hal\bf0_hal_uart.o
CC build_sf32lb52-lchspi-ulp_hcpu\sifli_sdk\drivers\hal\bf0_hal_wdt.o
CC build_sf32lb52-lchspi-ulp_hcpu\sifli_sdk\drivers\hal\bf0_sys_cfg.o
CC build_sf32lb52-lchspi-ulp_hcpu\sifli_sdk\drivers\hal\flash_table.o
CC build_sf32lb52-lchspi-ulp_hcpu\sifli_sdk\drivers\hal\nand_table.o
CC build_sf32lb52-lchspi-ulp_hcpu\sifli_sdk\drivers\hal\sifli_bbm.o
CC build_sf32lb52-lchspi-ulp_hcpu\sifli_sdk\external\FlashDB\port\fal\src\fal.o
CC build_sf32lb52-lchspi-ulp_hcpu\sifli_sdk\external\FlashDB\port\fal\src\fal_flash.o
CC build_sf32lb52-lchspi-ulp_hcpu\sifli_sdk\external\FlashDB\port\fal\src\fal_flash_sifli_port.o
CC build_sf32lb52-lchspi-ulp_hcpu\sifli_sdk\external\FlashDB\port\fal\src\fal_partition.o
CC build_sf32lb52-lchspi-ulp_hcpu\sifli_sdk\external\FlashDB\port\fal\src\fal_rtt.o
CC build_sf32lb52-lchspi-ulp_hcpu\sifli_sdk\external\lvgl_v8\src\core\lv_disp.o
CC build_sf32lb52-lchspi-ulp_hcpu\sifli_sdk\external\lvgl_v8\src\core\lv_event.o
CC build_sf32lb52-lchspi-ulp_hcpu\sifli_sdk\external\lvgl_v8\src\core\lv_gesture.o
CC build_sf32lb52-lchspi-ulp_hcpu\sifli_sdk\external\lvgl_v8\src\core\lv_group.o
CC build_sf32lb52-lchspi-ulp_hcpu\sifli_sdk\external\lvgl_v8\src\core\lv_indev.o
CC build_sf32lb52-lchspi-ulp_hcpu\sifli_sdk\external\lvgl_v8\src\core\lv_indev_scroll.o
CC build_sf32lb52-lchspi-ulp_hcpu\sifli_sdk\external\lvgl_v8\src\core\lv_obj.o
CC build_sf32lb52-lchspi-ulp_hcpu\sifli_sdk\external\lvgl_v8\src\core\lv_obj_class.o
CC build_sf32lb52-lchspi-ulp_hcpu\sifli_sdk\external\lvgl_v8\src\core\lv_obj_draw.o
CC build_sf32lb52-lchspi-ulp_hcpu\sifli_sdk\external\lvgl_v8\src\core\lv_obj_pos.o
CC build_sf32lb52-lchspi-ulp_hcpu\sifli_sdk\external\lvgl_v8\src\core\lv_obj_scroll.o
CC build_sf32lb52-lchspi-ulp_hcpu\sifli_sdk\external\lvgl_v8\src\core\lv_obj_style.o
CC build_sf32lb52-lchspi-ulp_hcpu\sifli_sdk\external\lvgl_v8\src\core\lv_obj_style_gen.o
CC build_sf32lb52-lchspi-ulp_hcpu\sifli_sdk\external\lvgl_v8\src\core\lv_obj_tree.o
CC build_sf32lb52-lchspi-ulp_hcpu\sifli_sdk\external\lvgl_v8\src\core\lv_refr.o
CC build_sf32lb52-lchspi-ulp_hcpu\sifli_sdk\external\lvgl_v8\src\core\lv_theme.o
CC build_sf32lb52-lchspi-ulp_hcpu\sifli_sdk\external\lvgl_v8\src\draw\lv_draw.o
C:\Users\LuZiang\Documents\code\OpenSiFli\SiFli-SDK\main\external\lvgl_v8\src\core\lv_obj_tree.c: In function 'lv_obj_swap':
C:\Users\LuZiang\Documents\code\OpenSiFli\SiFli-SDK\main\external\lvgl_v8\src\core\lv_obj_tree.c:240:12: warning: potential null pointer dereference [-Wnull-dereference]
  240 |     parent2->spec_attr->children[index2] = obj1;
      |     ~~~~~~~^~~~~~~~~~~
CC build_sf32lb52-lchspi-ulp_hcpu\sifli_sdk\external\lvgl_v8\src\draw\lv_draw_arc.o
CC build_sf32lb52-lchspi-ulp_hcpu\sifli_sdk\external\lvgl_v8\src\draw\lv_draw_img.o
CC build_sf32lb52-lchspi-ulp_hcpu\sifli_sdk\external\lvgl_v8\src\draw\lv_draw_label.o
CC build_sf32lb52-lchspi-ulp_hcpu\sifli_sdk\external\lvgl_v8\src\draw\lv_draw_layer.o
CC build_sf32lb52-lchspi-ulp_hcpu\sifli_sdk\external\lvgl_v8\src\draw\lv_draw_line.o
CC build_sf32lb52-lchspi-ulp_hcpu\sifli_sdk\external\lvgl_v8\src\draw\lv_draw_mask.o
CC build_sf32lb52-lchspi-ulp_hcpu\sifli_sdk\external\lvgl_v8\src\draw\lv_draw_rect.o
CC build_sf32lb52-lchspi-ulp_hcpu\sifli_sdk\external\lvgl_v8\src\draw\lv_draw_transform.o
CC build_sf32lb52-lchspi-ulp_hcpu\sifli_sdk\external\lvgl_v8\src\draw\lv_draw_triangle.o
CC build_sf32lb52-lchspi-ulp_hcpu\sifli_sdk\external\lvgl_v8\src\draw\lv_img_buf.o
CC build_sf32lb52-lchspi-ulp_hcpu\sifli_sdk\external\lvgl_v8\src\draw\lv_img_cache.o
CC build_sf32lb52-lchspi-ulp_hcpu\sifli_sdk\external\lvgl_v8\src\draw\lv_img_decoder.o
CC build_sf32lb52-lchspi-ulp_hcpu\sifli_sdk\external\lvgl_v8\src\extra\lv_extra.o
CC build_sf32lb52-lchspi-ulp_hcpu\sifli_sdk\external\lvgl_v8\src\font\lv_font.o
CC build_sf32lb52-lchspi-ulp_hcpu\sifli_sdk\external\lvgl_v8\src\font\lv_font_dejavu_16_persian_hebrew.o
CC build_sf32lb52-lchspi-ulp_hcpu\sifli_sdk\external\lvgl_v8\src\font\lv_font_fmt_txt.o
CC build_sf32lb52-lchspi-ulp_hcpu\sifli_sdk\external\lvgl_v8\src\font\lv_font_loader.o
CC build_sf32lb52-lchspi-ulp_hcpu\sifli_sdk\external\lvgl_v8\src\font\lv_font_montserrat_10.o
CC build_sf32lb52-lchspi-ulp_hcpu\sifli_sdk\external\lvgl_v8\src\font\lv_font_montserrat_12.o
CC build_sf32lb52-lchspi-ulp_hcpu\sifli_sdk\external\lvgl_v8\src\font\lv_font_montserrat_12_subpx.o
CC build_sf32lb52-lchspi-ulp_hcpu\sifli_sdk\external\lvgl_v8\src\font\lv_font_montserrat_14.o
CC build_sf32lb52-lchspi-ulp_hcpu\sifli_sdk\external\lvgl_v8\src\font\lv_font_montserrat_16.o
CC build_sf32lb52-lchspi-ulp_hcpu\sifli_sdk\external\lvgl_v8\src\font\lv_font_montserrat_18.o
CC build_sf32lb52-lchspi-ulp_hcpu\sifli_sdk\external\lvgl_v8\src\font\lv_font_montserrat_20.o
CC build_sf32lb52-lchspi-ulp_hcpu\sifli_sdk\external\lvgl_v8\src\font\lv_font_montserrat_22.o
CC build_sf32lb52-lchspi-ulp_hcpu\sifli_sdk\external\lvgl_v8\src\font\lv_font_montserrat_24.o
CC build_sf32lb52-lchspi-ulp_hcpu\sifli_sdk\external\lvgl_v8\src\font\lv_font_montserrat_26.o
CC build_sf32lb52-lchspi-ulp_hcpu\sifli_sdk\external\lvgl_v8\src\font\lv_font_montserrat_28.o
CC build_sf32lb52-lchspi-ulp_hcpu\sifli_sdk\external\lvgl_v8\src\font\lv_font_montserrat_28_compressed.o
CC build_sf32lb52-lchspi-ulp_hcpu\sifli_sdk\external\lvgl_v8\src\font\lv_font_montserrat_30.o
CC build_sf32lb52-lchspi-ulp_hcpu\sifli_sdk\external\lvgl_v8\src\font\lv_font_montserrat_32.o
CC build_sf32lb52-lchspi-ulp_hcpu\sifli_sdk\external\lvgl_v8\src\font\lv_font_montserrat_34.o
CC build_sf32lb52-lchspi-ulp_hcpu\sifli_sdk\external\lvgl_v8\src\font\lv_font_montserrat_36.o
CC build_sf32lb52-lchspi-ulp_hcpu\sifli_sdk\external\lvgl_v8\src\font\lv_font_montserrat_38.o
CC build_sf32lb52-lchspi-ulp_hcpu\sifli_sdk\external\lvgl_v8\src\font\lv_font_montserrat_40.o
CC build_sf32lb52-lchspi-ulp_hcpu\sifli_sdk\external\lvgl_v8\src\font\lv_font_montserrat_42.o
CC build_sf32lb52-lchspi-ulp_hcpu\sifli_sdk\external\lvgl_v8\src\font\lv_font_montserrat_44.o
CC build_sf32lb52-lchspi-ulp_hcpu\sifli_sdk\external\lvgl_v8\src\font\lv_font_montserrat_46.o
CC build_sf32lb52-lchspi-ulp_hcpu\sifli_sdk\external\lvgl_v8\src\font\lv_font_montserrat_48.o
CC build_sf32lb52-lchspi-ulp_hcpu\sifli_sdk\external\lvgl_v8\src\font\lv_font_montserrat_8.o
CC build_sf32lb52-lchspi-ulp_hcpu\sifli_sdk\external\lvgl_v8\src\font\lv_font_simsun_16_cjk.o
CC build_sf32lb52-lchspi-ulp_hcpu\sifli_sdk\external\lvgl_v8\src\font\lv_font_unscii_16.o
CC build_sf32lb52-lchspi-ulp_hcpu\sifli_sdk\external\lvgl_v8\src\font\lv_font_unscii_8.o
CC build_sf32lb52-lchspi-ulp_hcpu\sifli_sdk\external\lvgl_v8\src\hal\lv_hal_disp.o
CC build_sf32lb52-lchspi-ulp_hcpu\sifli_sdk\external\lvgl_v8\src\hal\lv_hal_indev.o
CC build_sf32lb52-lchspi-ulp_hcpu\sifli_sdk\external\lvgl_v8\src\hal\lv_hal_tick.o
CC build_sf32lb52-lchspi-ulp_hcpu\sifli_sdk\external\lvgl_v8\src\misc\lv_anim.o
CC build_sf32lb52-lchspi-ulp_hcpu\sifli_sdk\external\lvgl_v8\src\misc\lv_anim_timeline.o
CC build_sf32lb52-lchspi-ulp_hcpu\sifli_sdk\external\lvgl_v8\src\misc\lv_area.o
CC build_sf32lb52-lchspi-ulp_hcpu\sifli_sdk\external\lvgl_v8\src\misc\lv_async.o
CC build_sf32lb52-lchspi-ulp_hcpu\sifli_sdk\external\lvgl_v8\src\misc\lv_bidi.o
CC build_sf32lb52-lchspi-ulp_hcpu\sifli_sdk\external\lvgl_v8\src\misc\lv_color.o
CC build_sf32lb52-lchspi-ulp_hcpu\sifli_sdk\external\lvgl_v8\src\misc\lv_fs.o
CC build_sf32lb52-lchspi-ulp_hcpu\sifli_sdk\external\lvgl_v8\src\misc\lv_gc.o
CC build_sf32lb52-lchspi-ulp_hcpu\sifli_sdk\external\lvgl_v8\src\misc\lv_ll.o
CC build_sf32lb52-lchspi-ulp_hcpu\sifli_sdk\external\lvgl_v8\src\misc\lv_log.o
CC build_sf32lb52-lchspi-ulp_hcpu\sifli_sdk\external\lvgl_v8\src\misc\lv_lru.o
CC build_sf32lb52-lchspi-ulp_hcpu\sifli_sdk\external\lvgl_v8\src\misc\lv_math.o
CC build_sf32lb52-lchspi-ulp_hcpu\sifli_sdk\external\lvgl_v8\src\misc\lv_mem.o
CC build_sf32lb52-lchspi-ulp_hcpu\sifli_sdk\external\lvgl_v8\src\misc\lv_printf.o
CC build_sf32lb52-lchspi-ulp_hcpu\sifli_sdk\external\lvgl_v8\src\misc\lv_style.o
CC build_sf32lb52-lchspi-ulp_hcpu\sifli_sdk\external\lvgl_v8\src\misc\lv_style_gen.o
CC build_sf32lb52-lchspi-ulp_hcpu\sifli_sdk\external\lvgl_v8\src\misc\lv_templ.o
CC build_sf32lb52-lchspi-ulp_hcpu\sifli_sdk\external\lvgl_v8\src\misc\lv_timer.o
CC build_sf32lb52-lchspi-ulp_hcpu\sifli_sdk\external\lvgl_v8\src\misc\lv_tlsf.o
CC build_sf32lb52-lchspi-ulp_hcpu\sifli_sdk\external\lvgl_v8\src\misc\lv_txt.o
CC build_sf32lb52-lchspi-ulp_hcpu\sifli_sdk\external\lvgl_v8\src\misc\lv_txt_ap.o
CC build_sf32lb52-lchspi-ulp_hcpu\sifli_sdk\external\lvgl_v8\src\misc\lv_utils.o
CC build_sf32lb52-lchspi-ulp_hcpu\sifli_sdk\external\lvgl_v8\src\widgets\lv_arc.o
CC build_sf32lb52-lchspi-ulp_hcpu\sifli_sdk\external\lvgl_v8\src\widgets\lv_bar.o
CC build_sf32lb52-lchspi-ulp_hcpu\sifli_sdk\external\lvgl_v8\src\widgets\lv_btn.o
CC build_sf32lb52-lchspi-ulp_hcpu\sifli_sdk\external\lvgl_v8\src\widgets\lv_btnmatrix.o
CC build_sf32lb52-lchspi-ulp_hcpu\sifli_sdk\external\lvgl_v8\src\widgets\lv_canvas.o
CC build_sf32lb52-lchspi-ulp_hcpu\sifli_sdk\external\lvgl_v8\src\widgets\lv_checkbox.o
CC build_sf32lb52-lchspi-ulp_hcpu\sifli_sdk\external\lvgl_v8\src\widgets\lv_dropdown.o
CC build_sf32lb52-lchspi-ulp_hcpu\sifli_sdk\external\lvgl_v8\src\widgets\lv_img.o
CC build_sf32lb52-lchspi-ulp_hcpu\sifli_sdk\external\lvgl_v8\src\widgets\lv_label.o
CC build_sf32lb52-lchspi-ulp_hcpu\sifli_sdk\external\lvgl_v8\src\widgets\lv_line.o
CC build_sf32lb52-lchspi-ulp_hcpu\sifli_sdk\external\lvgl_v8\src\widgets\lv_objx_templ.o
CC build_sf32lb52-lchspi-ulp_hcpu\sifli_sdk\external\lvgl_v8\src\widgets\lv_roller.o
CC build_sf32lb52-lchspi-ulp_hcpu\sifli_sdk\external\lvgl_v8\src\widgets\lv_slider.o
CC build_sf32lb52-lchspi-ulp_hcpu\sifli_sdk\external\lvgl_v8\src\widgets\lv_switch.o
CC build_sf32lb52-lchspi-ulp_hcpu\sifli_sdk\external\lvgl_v8\src\widgets\lv_table.o
CC build_sf32lb52-lchspi-ulp_hcpu\sifli_sdk\external\lvgl_v8\src\widgets\lv_textarea.o
CC build_sf32lb52-lchspi-ulp_hcpu\sifli_sdk\external\lvgl_v8\src\draw\arm2d\lv_gpu_arm2d.o
CC build_sf32lb52-lchspi-ulp_hcpu\sifli_sdk\external\lvgl_v8\src\draw\nxp\lv_gpu_nxp.o
CC build_sf32lb52-lchspi-ulp_hcpu\sifli_sdk\external\lvgl_v8\src\draw\sdl\lv_draw_sdl.o
CC build_sf32lb52-lchspi-ulp_hcpu\sifli_sdk\external\lvgl_v8\src\draw\sdl\lv_draw_sdl_arc.o
CC build_sf32lb52-lchspi-ulp_hcpu\sifli_sdk\external\lvgl_v8\src\draw\sdl\lv_draw_sdl_bg.o
CC build_sf32lb52-lchspi-ulp_hcpu\sifli_sdk\external\lvgl_v8\src\draw\sdl\lv_draw_sdl_composite.o
CC build_sf32lb52-lchspi-ulp_hcpu\sifli_sdk\external\lvgl_v8\src\draw\sdl\lv_draw_sdl_img.o
CC build_sf32lb52-lchspi-ulp_hcpu\sifli_sdk\external\lvgl_v8\src\draw\sdl\lv_draw_sdl_label.o
CC build_sf32lb52-lchspi-ulp_hcpu\sifli_sdk\external\lvgl_v8\src\draw\sdl\lv_draw_sdl_layer.o
CC build_sf32lb52-lchspi-ulp_hcpu\sifli_sdk\external\lvgl_v8\src\draw\sdl\lv_draw_sdl_line.o
CC build_sf32lb52-lchspi-ulp_hcpu\sifli_sdk\external\lvgl_v8\src\draw\sdl\lv_draw_sdl_mask.o
CC build_sf32lb52-lchspi-ulp_hcpu\sifli_sdk\external\lvgl_v8\src\draw\sdl\lv_draw_sdl_polygon.o
CC build_sf32lb52-lchspi-ulp_hcpu\sifli_sdk\external\lvgl_v8\src\draw\sdl\lv_draw_sdl_rect.o
CC build_sf32lb52-lchspi-ulp_hcpu\sifli_sdk\external\lvgl_v8\src\draw\sdl\lv_draw_sdl_stack_blur.o
CC build_sf32lb52-lchspi-ulp_hcpu\sifli_sdk\external\lvgl_v8\src\draw\sdl\lv_draw_sdl_texture_cache.o
CC build_sf32lb52-lchspi-ulp_hcpu\sifli_sdk\external\lvgl_v8\src\draw\sdl\lv_draw_sdl_utils.o
CC build_sf32lb52-lchspi-ulp_hcpu\sifli_sdk\external\lvgl_v8\src\draw\stm32_dma2d\lv_gpu_stm32_dma2d.o
CC build_sf32lb52-lchspi-ulp_hcpu\sifli_sdk\external\lvgl_v8\src\draw\sw\lv_draw_sw.o
CC build_sf32lb52-lchspi-ulp_hcpu\sifli_sdk\external\lvgl_v8\src\draw\sw\lv_draw_sw_arc.o
CC build_sf32lb52-lchspi-ulp_hcpu\sifli_sdk\external\lvgl_v8\src\draw\sw\lv_draw_sw_blend.o
CC build_sf32lb52-lchspi-ulp_hcpu\sifli_sdk\external\lvgl_v8\src\draw\sw\lv_draw_sw_dither.o
CC build_sf32lb52-lchspi-ulp_hcpu\sifli_sdk\external\lvgl_v8\src\draw\sw\lv_draw_sw_gradient.o
CC build_sf32lb52-lchspi-ulp_hcpu\sifli_sdk\external\lvgl_v8\src\draw\sw\lv_draw_sw_img.o
CC build_sf32lb52-lchspi-ulp_hcpu\sifli_sdk\external\lvgl_v8\src\draw\sw\lv_draw_sw_layer.o
CC build_sf32lb52-lchspi-ulp_hcpu\sifli_sdk\external\lvgl_v8\src\draw\sw\lv_draw_sw_letter.o
CC build_sf32lb52-lchspi-ulp_hcpu\sifli_sdk\external\lvgl_v8\src\draw\sw\lv_draw_sw_line.o
CC build_sf32lb52-lchspi-ulp_hcpu\sifli_sdk\external\lvgl_v8\src\draw\sw\lv_draw_sw_polygon.o
CC build_sf32lb52-lchspi-ulp_hcpu\sifli_sdk\external\lvgl_v8\src\draw\sw\lv_draw_sw_rect.o
CC build_sf32lb52-lchspi-ulp_hcpu\sifli_sdk\external\lvgl_v8\src\draw\sw\lv_draw_sw_transform.o
CC build_sf32lb52-lchspi-ulp_hcpu\sifli_sdk\external\lvgl_v8\src\draw\swm341_dma2d\lv_gpu_swm341_dma2d.o
CC build_sf32lb52-lchspi-ulp_hcpu\sifli_sdk\external\lvgl_v8\src\draw\nxp\pxp\lv_draw_pxp_blend.o
CC build_sf32lb52-lchspi-ulp_hcpu\sifli_sdk\external\lvgl_v8\src\draw\nxp\pxp\lv_gpu_nxp_pxp.o
CC build_sf32lb52-lchspi-ulp_hcpu\sifli_sdk\external\lvgl_v8\src\draw\nxp\pxp\lv_gpu_nxp_pxp_osa.o
CC build_sf32lb52-lchspi-ulp_hcpu\sifli_sdk\external\lvgl_v8\src\draw\nxp\vglite\lv_draw_vglite_arc.o
CC build_sf32lb52-lchspi-ulp_hcpu\sifli_sdk\external\lvgl_v8\src\draw\nxp\vglite\lv_draw_vglite_blend.o
CC build_sf32lb52-lchspi-ulp_hcpu\sifli_sdk\external\lvgl_v8\src\draw\nxp\vglite\lv_draw_vglite_rect.o
CC build_sf32lb52-lchspi-ulp_hcpu\sifli_sdk\external\lvgl_v8\src\draw\nxp\vglite\lv_gpu_nxp_vglite.o
CC build_sf32lb52-lchspi-ulp_hcpu\sifli_sdk\external\lvgl_v8\src\extra\layouts\flex\lv_flex.o
CC build_sf32lb52-lchspi-ulp_hcpu\sifli_sdk\external\lvgl_v8\src\extra\layouts\grid\lv_grid.o
CC build_sf32lb52-lchspi-ulp_hcpu\sifli_sdk\external\lvgl_v8\src\extra\libs\bmp\lv_bmp.o
CC build_sf32lb52-lchspi-ulp_hcpu\sifli_sdk\external\lvgl_v8\src\extra\libs\ffmpeg\lv_ffmpeg.o
CC build_sf32lb52-lchspi-ulp_hcpu\sifli_sdk\external\lvgl_v8\src\extra\libs\freetype\lv_freetype.o
CC build_sf32lb52-lchspi-ulp_hcpu\sifli_sdk\external\lvgl_v8\src\extra\libs\fsdrv\lv_fs_fatfs.o
CC build_sf32lb52-lchspi-ulp_hcpu\sifli_sdk\external\lvgl_v8\src\extra\libs\fsdrv\lv_fs_posix.o
CC build_sf32lb52-lchspi-ulp_hcpu\sifli_sdk\external\lvgl_v8\src\extra\libs\fsdrv\lv_fs_stdio.o
CC build_sf32lb52-lchspi-ulp_hcpu\sifli_sdk\external\lvgl_v8\src\extra\libs\fsdrv\lv_fs_win32.o
CC build_sf32lb52-lchspi-ulp_hcpu\sifli_sdk\external\lvgl_v8\src\extra\libs\gif\gifdec.o
CC build_sf32lb52-lchspi-ulp_hcpu\sifli_sdk\external\lvgl_v8\src\extra\libs\gif\lv_gif.o
CC build_sf32lb52-lchspi-ulp_hcpu\sifli_sdk\external\lvgl_v8\src\extra\libs\png\lodepng.o
CC build_sf32lb52-lchspi-ulp_hcpu\sifli_sdk\external\lvgl_v8\src\extra\libs\png\lv_png.o
CC build_sf32lb52-lchspi-ulp_hcpu\sifli_sdk\external\lvgl_v8\src\extra\libs\qrcode\lv_qrcode.o
CC build_sf32lb52-lchspi-ulp_hcpu\sifli_sdk\external\lvgl_v8\src\extra\libs\qrcode\qrcodegen.o
CC build_sf32lb52-lchspi-ulp_hcpu\sifli_sdk\external\lvgl_v8\src\extra\libs\rlottie\lv_rlottie.o
CC build_sf32lb52-lchspi-ulp_hcpu\sifli_sdk\external\lvgl_v8\src\extra\libs\sjpg\lv_sjpg.o
CC build_sf32lb52-lchspi-ulp_hcpu\sifli_sdk\external\lvgl_v8\src\extra\libs\sjpg\tjpgd.o
CC build_sf32lb52-lchspi-ulp_hcpu\sifli_sdk\external\lvgl_v8\src\extra\others\fragment\lv_fragment.o
CC build_sf32lb52-lchspi-ulp_hcpu\sifli_sdk\external\lvgl_v8\src\extra\others\fragment\lv_fragment_manager.o
CC build_sf32lb52-lchspi-ulp_hcpu\sifli_sdk\external\lvgl_v8\src\extra\others\gridnav\lv_gridnav.o
CC build_sf32lb52-lchspi-ulp_hcpu\sifli_sdk\external\lvgl_v8\src\extra\others\ime\lv_ime_pinyin.o
CC build_sf32lb52-lchspi-ulp_hcpu\sifli_sdk\external\lvgl_v8\src\extra\others\imgfont\lv_imgfont.o
CC build_sf32lb52-lchspi-ulp_hcpu\sifli_sdk\external\lvgl_v8\src\extra\others\monkey\lv_monkey.o
CC build_sf32lb52-lchspi-ulp_hcpu\sifli_sdk\external\lvgl_v8\src\extra\others\msg\lv_msg.o
CC build_sf32lb52-lchspi-ulp_hcpu\sifli_sdk\external\lvgl_v8\src\extra\others\snapshot\lv_snapshot.o
CC build_sf32lb52-lchspi-ulp_hcpu\sifli_sdk\external\lvgl_v8\src\extra\themes\basic\lv_theme_basic.o
CC build_sf32lb52-lchspi-ulp_hcpu\sifli_sdk\external\lvgl_v8\src\extra\themes\default\lv_theme_default.o
CC build_sf32lb52-lchspi-ulp_hcpu\sifli_sdk\external\lvgl_v8\src\extra\themes\mono\lv_theme_mono.o
CC build_sf32lb52-lchspi-ulp_hcpu\sifli_sdk\external\lvgl_v8\src\extra\widgets\animimg\lv_animimg.o
CC build_sf32lb52-lchspi-ulp_hcpu\sifli_sdk\external\lvgl_v8\src\extra\widgets\calendar\lv_calendar.o
CC build_sf32lb52-lchspi-ulp_hcpu\sifli_sdk\external\lvgl_v8\src\extra\widgets\calendar\lv_calendar_header_arrow.o
CC build_sf32lb52-lchspi-ulp_hcpu\sifli_sdk\external\lvgl_v8\src\extra\widgets\calendar\lv_calendar_header_dropdown.o
CC build_sf32lb52-lchspi-ulp_hcpu\sifli_sdk\external\lvgl_v8\src\extra\widgets\chart\lv_chart.o
CC build_sf32lb52-lchspi-ulp_hcpu\sifli_sdk\external\lvgl_v8\src\extra\widgets\colorwheel\lv_colorwheel.o
CC build_sf32lb52-lchspi-ulp_hcpu\sifli_sdk\external\lvgl_v8\src\extra\widgets\imgbtn\lv_imgbtn.o
CC build_sf32lb52-lchspi-ulp_hcpu\sifli_sdk\external\lvgl_v8\src\extra\widgets\keyboard\lv_keyboard.o
CC build_sf32lb52-lchspi-ulp_hcpu\sifli_sdk\external\lvgl_v8\src\extra\widgets\led\lv_led.o
CC build_sf32lb52-lchspi-ulp_hcpu\sifli_sdk\external\lvgl_v8\src\extra\widgets\list\lv_list.o
CC build_sf32lb52-lchspi-ulp_hcpu\sifli_sdk\external\lvgl_v8\src\extra\widgets\menu\lv_menu.o
CC build_sf32lb52-lchspi-ulp_hcpu\sifli_sdk\external\lvgl_v8\src\extra\widgets\meter\lv_meter.o
CC build_sf32lb52-lchspi-ulp_hcpu\sifli_sdk\external\lvgl_v8\src\extra\widgets\msgbox\lv_msgbox.o
CC build_sf32lb52-lchspi-ulp_hcpu\sifli_sdk\external\lvgl_v8\src\extra\widgets\span\lv_span.o
CC build_sf32lb52-lchspi-ulp_hcpu\sifli_sdk\external\lvgl_v8\src\extra\widgets\spinbox\lv_spinbox.o
CC build_sf32lb52-lchspi-ulp_hcpu\sifli_sdk\external\lvgl_v8\src\extra\widgets\spinner\lv_spinner.o
CC build_sf32lb52-lchspi-ulp_hcpu\sifli_sdk\external\lvgl_v8\src\extra\widgets\tabview\lv_tabview.o
CC build_sf32lb52-lchspi-ulp_hcpu\sifli_sdk\external\lvgl_v8\src\extra\widgets\tileview\lv_tileview.o
CC build_sf32lb52-lchspi-ulp_hcpu\sifli_sdk\external\lvgl_v8\src\extra\widgets\win\lv_win.o
CC build_sf32lb52-lchspi-ulp_hcpu\sifli_sdk\middleware\lvgl\littlevgl2rtt.o
CC build_sf32lb52-lchspi-ulp_hcpu\sifli_sdk\middleware\lvgl\lvsf_perf.o
CC build_sf32lb52-lchspi-ulp_hcpu\sifli_sdk\middleware\lvgl\lvsf_perf_v9.o
CC build_sf32lb52-lchspi-ulp_hcpu\sifli_sdk\middleware\lvgl\app_mem.o
CC build_sf32lb52-lchspi-ulp_hcpu\sifli_sdk\middleware\lvgl\lv_drivers\lv_gpu.o
CC build_sf32lb52-lchspi-ulp_hcpu\sifli_sdk\middleware\lvgl\lv_drivers\lv_keypad.o
CC build_sf32lb52-lchspi-ulp_hcpu\sifli_sdk\middleware\lvgl\lv_drivers\lv_lcd.o
CC build_sf32lb52-lchspi-ulp_hcpu\sifli_sdk\middleware\lvgl\lv_drivers\lv_touch.o
CC build_sf32lb52-lchspi-ulp_hcpu\sifli_sdk\middleware\lvgl\lv_drivers\lv_wheel.o
CC build_sf32lb52-lchspi-ulp_hcpu\sifli_sdk\middleware\lvgl\lv_drivers\lvgl_drv.o
CC build_sf32lb52-lchspi-ulp_hcpu\sifli_sdk\middleware\lvgl\lv_drivers\lvsf_img_decoder.o
CC build_sf32lb52-lchspi-ulp_hcpu\sifli_sdk\middleware\sifli_lib\lib\agif.o
CC build_sf32lb52-lchspi-ulp_hcpu\sifli_sdk\middleware\sifli_lib\lib\dummy.o
CC build_sf32lb52-lchspi-ulp_hcpu\sifli_sdk\middleware\sifli_matrix\sifli_matrix.o
CC build_sf32lb52-lchspi-ulp_hcpu\sifli_sdk\middleware\system\bf0_common.o
CC build_sf32lb52-lchspi-ulp_hcpu\sifli_sdk\rtos\os_adaptor\src\os_adaptor_rtthread.o
CC build_sf32lb52-lchspi-ulp_hcpu\sifli_sdk\rtos\rtthread\bsp\sifli\drivers\drv_dma.o
CC build_sf32lb52-lchspi-ulp_hcpu\sifli_sdk\rtos\rtthread\bsp\sifli\drivers\drv_gpio.o
CC build_sf32lb52-lchspi-ulp_hcpu\sifli_sdk\rtos\rtthread\bsp\sifli\drivers\drv_usart.o
CC build_sf32lb52-lchspi-ulp_hcpu\sifli_sdk\rtos\rtthread\bsp\sifli\drivers\drv_hwtimer.o
CC build_sf32lb52-lchspi-ulp_hcpu\sifli_sdk\rtos\rtthread\bsp\sifli\drivers\drv_pwm_tim.o
CC build_sf32lb52-lchspi-ulp_hcpu\sifli_sdk\rtos\rtthread\bsp\sifli\drivers\drv_pwm_lptim.o
CC build_sf32lb52-lchspi-ulp_hcpu\sifli_sdk\rtos\rtthread\bsp\sifli\drivers\drv_pwm.o
CC build_sf32lb52-lchspi-ulp_hcpu\sifli_sdk\rtos\rtthread\bsp\sifli\drivers\drv_spi.o
CC build_sf32lb52-lchspi-ulp_hcpu\sifli_sdk\rtos\rtthread\bsp\sifli\drivers\drv_soft_i2c.o
CC build_sf32lb52-lchspi-ulp_hcpu\sifli_sdk\rtos\rtthread\bsp\sifli\drivers\drv_i2c.o
CC build_sf32lb52-lchspi-ulp_hcpu\sifli_sdk\rtos\rtthread\bsp\sifli\drivers\drv_adc.o
CC build_sf32lb52-lchspi-ulp_hcpu\sifli_sdk\rtos\rtthread\bsp\sifli\drivers\drv_spi_flash.o
CC build_sf32lb52-lchspi-ulp_hcpu\sifli_sdk\rtos\rtthread\bsp\sifli\drivers\drv_spi_nand.o
CC build_sf32lb52-lchspi-ulp_hcpu\sifli_sdk\rtos\rtthread\bsp\sifli\drivers\drv_sys_cfg.o
CC build_sf32lb52-lchspi-ulp_hcpu\sifli_sdk\rtos\rtthread\bsp\sifli\drivers\drv_rtc.o
CC build_sf32lb52-lchspi-ulp_hcpu\sifli_sdk\rtos\rtthread\bsp\sifli\drivers\drv_ext_dma.o
CC build_sf32lb52-lchspi-ulp_hcpu\sifli_sdk\rtos\rtthread\bsp\sifli\drivers\drv_audprc.o
CC build_sf32lb52-lchspi-ulp_hcpu\sifli_sdk\rtos\rtthread\bsp\sifli\drivers\drv_audcodec_m.o
CC build_sf32lb52-lchspi-ulp_hcpu\sifli_sdk\rtos\rtthread\bsp\sifli\drivers\drv_lcd_private.o
CC build_sf32lb52-lchspi-ulp_hcpu\sifli_sdk\rtos\rtthread\bsp\sifli\drivers\drv_lcd.o
CC build_sf32lb52-lchspi-ulp_hcpu\sifli_sdk\rtos\rtthread\bsp\sifli\drivers\drv_ram_lcd.o
CC build_sf32lb52-lchspi-ulp_hcpu\sifli_sdk\rtos\rtthread\bsp\sifli\drivers\drv_lcd_test.o
CC build_sf32lb52-lchspi-ulp_hcpu\sifli_sdk\rtos\rtthread\bsp\sifli\drivers\drv_lcd_fb.o
CC build_sf32lb52-lchspi-ulp_hcpu\sifli_sdk\rtos\rtthread\bsp\sifli\drivers\drv_touch.o
CC build_sf32lb52-lchspi-ulp_hcpu\sifli_sdk\rtos\rtthread\bsp\sifli\drivers\drv_epic.o
CC build_sf32lb52-lchspi-ulp_hcpu\sifli_sdk\rtos\rtthread\bsp\sifli\drivers\drv_epic_single.o
CC build_sf32lb52-lchspi-ulp_hcpu\sifli_sdk\rtos\rtthread\bsp\sifli\drivers\drv_psram.o
CC build_sf32lb52-lchspi-ulp_hcpu\sifli_sdk\rtos\rtthread\bsp\sifli\drivers\drv_mpi.o
CC build_sf32lb52-lchspi-ulp_hcpu\sifli_sdk\rtos\rtthread\bsp\sifli\drivers\drv_aes.o
CC build_sf32lb52-lchspi-ulp_hcpu\sifli_sdk\rtos\rtthread\bsp\sifli\drivers\drv_common.o
CC build_sf32lb52-lchspi-ulp_hcpu\sifli_sdk\rtos\rtthread\bsp\sifli\drivers\drv_dbg.o
CC build_sf32lb52-lchspi-ulp_hcpu\sifli_sdk\rtos\rtthread\bsp\sifli\drivers\drv_epictl.o
CC build_sf32lb52-lchspi-ulp_hcpu\src\main.o
CC build_sf32lb52-lchspi-ulp_hcpu\sifli_sdk\rtos\kernel\src\clock.o
CC build_sf32lb52-lchspi-ulp_hcpu\sifli_sdk\rtos\kernel\src\components.o
CC build_sf32lb52-lchspi-ulp_hcpu\sifli_sdk\rtos\kernel\src\cpu.o
CC build_sf32lb52-lchspi-ulp_hcpu\sifli_sdk\rtos\kernel\src\device.o
CC build_sf32lb52-lchspi-ulp_hcpu\sifli_sdk\rtos\kernel\src\idle.o
CC build_sf32lb52-lchspi-ulp_hcpu\sifli_sdk\rtos\kernel\src\ipc.o
CC build_sf32lb52-lchspi-ulp_hcpu\sifli_sdk\rtos\kernel\src\irq.o
CC build_sf32lb52-lchspi-ulp_hcpu\sifli_sdk\rtos\kernel\src\kservice.o
CC build_sf32lb52-lchspi-ulp_hcpu\sifli_sdk\rtos\kernel\src\mem.o
CC build_sf32lb52-lchspi-ulp_hcpu\sifli_sdk\rtos\kernel\src\memheap.o
CC build_sf32lb52-lchspi-ulp_hcpu\sifli_sdk\rtos\kernel\src\memheap2.o
CC build_sf32lb52-lchspi-ulp_hcpu\sifli_sdk\rtos\kernel\src\mempool.o
CC build_sf32lb52-lchspi-ulp_hcpu\sifli_sdk\rtos\kernel\src\object.o
CC build_sf32lb52-lchspi-ulp_hcpu\sifli_sdk\rtos\kernel\src\scheduler.o
CC build_sf32lb52-lchspi-ulp_hcpu\sifli_sdk\rtos\kernel\src\signal.o
CC build_sf32lb52-lchspi-ulp_hcpu\sifli_sdk\rtos\kernel\src\thread.o
CC build_sf32lb52-lchspi-ulp_hcpu\sifli_sdk\rtos\kernel\src\timer.o
CC build_sf32lb52-lchspi-ulp_hcpu\sifli_sdk\rtos\kernel\libcpu\arm\cortex-m33\cpuport.o
AS build_sf32lb52-lchspi-ulp_hcpu\sifli_sdk\rtos\kernel\libcpu\arm\cortex-m33\context_gcc.o
CC build_sf32lb52-lchspi-ulp_hcpu\sifli_sdk\rtos\kernel\libcpu\arm\common\backtrace.o
CC build_sf32lb52-lchspi-ulp_hcpu\sifli_sdk\rtos\kernel\libcpu\arm\common\div0.o
CC build_sf32lb52-lchspi-ulp_hcpu\sifli_sdk\rtos\kernel\libcpu\arm\common\showmem.o
CXX build_sf32lb52-lchspi-ulp_hcpu\sifli_sdk\rtos\kernel\components\cplusplus\cxx_crt.o
CXX build_sf32lb52-lchspi-ulp_hcpu\sifli_sdk\rtos\kernel\components\cplusplus\cxx_mutex.o
CXX build_sf32lb52-lchspi-ulp_hcpu\sifli_sdk\rtos\kernel\components\cplusplus\cxx_semaphore.o
CXX build_sf32lb52-lchspi-ulp_hcpu\sifli_sdk\rtos\kernel\components\cplusplus\cxx_thread.o
CC build_sf32lb52-lchspi-ulp_hcpu\sifli_sdk\rtos\kernel\components\cplusplus\cxx_crt_init.o
CC build_sf32lb52-lchspi-ulp_hcpu\sifli_sdk\rtos\kernel\components\dfs\src\dfs.o
CC build_sf32lb52-lchspi-ulp_hcpu\sifli_sdk\rtos\kernel\components\dfs\src\dfs_file.o
CC build_sf32lb52-lchspi-ulp_hcpu\sifli_sdk\rtos\kernel\components\dfs\src\dfs_fs.o
CC build_sf32lb52-lchspi-ulp_hcpu\sifli_sdk\rtos\kernel\components\dfs\src\dfs_posix.o
CC build_sf32lb52-lchspi-ulp_hcpu\sifli_sdk\rtos\kernel\components\dfs\src\poll.o
CC build_sf32lb52-lchspi-ulp_hcpu\sifli_sdk\rtos\kernel\components\dfs\src\select.o
CC build_sf32lb52-lchspi-ulp_hcpu\sifli_sdk\rtos\kernel\components\dfs\filesystems\devfs\devfs.o
CC build_sf32lb52-lchspi-ulp_hcpu\sifli_sdk\rtos\kernel\components\finsh\shell.o
CC build_sf32lb52-lchspi-ulp_hcpu\sifli_sdk\rtos\kernel\components\finsh\symbol.o
CC build_sf32lb52-lchspi-ulp_hcpu\sifli_sdk\rtos\kernel\components\finsh\cmd.o
CC build_sf32lb52-lchspi-ulp_hcpu\sifli_sdk\rtos\kernel\components\finsh\msh.o
CC build_sf32lb52-lchspi-ulp_hcpu\sifli_sdk\rtos\kernel\components\finsh\msh_cmd.o
CC build_sf32lb52-lchspi-ulp_hcpu\sifli_sdk\rtos\kernel\components\finsh\msh_file.o
CC build_sf32lb52-lchspi-ulp_hcpu\sifli_sdk\rtos\kernel\components\libc\compilers\common\gmtime_r.o
CC build_sf32lb52-lchspi-ulp_hcpu\sifli_sdk\rtos\kernel\components\libc\compilers\common\unistd.o
CC build_sf32lb52-lchspi-ulp_hcpu\sifli_sdk\rtos\kernel\components\libc\compilers\newlib\libc.o
CC build_sf32lb52-lchspi-ulp_hcpu\sifli_sdk\rtos\kernel\components\libc\compilers\newlib\libc_syms.o
CC build_sf32lb52-lchspi-ulp_hcpu\sifli_sdk\rtos\kernel\components\libc\compilers\newlib\stdio.o
CC build_sf32lb52-lchspi-ulp_hcpu\sifli_sdk\rtos\kernel\components\libc\compilers\newlib\syscalls.o
CC build_sf32lb52-lchspi-ulp_hcpu\sifli_sdk\rtos\kernel\components\libc\compilers\newlib\time.o
CC build_sf32lb52-lchspi-ulp_hcpu\sifli_sdk\rtos\kernel\components\utilities\llt_mem\llt_mem.o
CC build_sf32lb52-lchspi-ulp_hcpu\sifli_sdk\middleware\lvgl\lvsf\lv_ex_data.o
CC build_sf32lb52-lchspi-ulp_hcpu\sifli_sdk\middleware\lvgl\lvsf\lvsf_analogclk.o
CC build_sf32lb52-lchspi-ulp_hcpu\sifli_sdk\middleware\lvgl\lvsf\lvsf_barcode.o
CC build_sf32lb52-lchspi-ulp_hcpu\sifli_sdk\middleware\lvgl\lvsf\lvsf_comp.o
CC build_sf32lb52-lchspi-ulp_hcpu\sifli_sdk\middleware\lvgl\lvsf\lvsf_composite.o
CC build_sf32lb52-lchspi-ulp_hcpu\sifli_sdk\middleware\lvgl\lvsf\lvsf_corner.o
CC build_sf32lb52-lchspi-ulp_hcpu\sifli_sdk\middleware\lvgl\lvsf\lvsf_curvetext.o
CC build_sf32lb52-lchspi-ulp_hcpu\sifli_sdk\middleware\lvgl\lvsf\lvsf_emoji.o
CC build_sf32lb52-lchspi-ulp_hcpu\sifli_sdk\middleware\lvgl\lvsf\lvsf_ezipa.o
CC build_sf32lb52-lchspi-ulp_hcpu\sifli_sdk\middleware\lvgl\lvsf\lvsf_font.o
CC build_sf32lb52-lchspi-ulp_hcpu\sifli_sdk\middleware\lvgl\lvsf\lvsf_gesture.o
CC build_sf32lb52-lchspi-ulp_hcpu\sifli_sdk\middleware\lvgl\lvsf\lvsf_header.o
CC build_sf32lb52-lchspi-ulp_hcpu\sifli_sdk\middleware\lvgl\lvsf\lvsf_idximg.o
CC build_sf32lb52-lchspi-ulp_hcpu\sifli_sdk\middleware\lvgl\lvsf\lvsf_input.o
CC build_sf32lb52-lchspi-ulp_hcpu\sifli_sdk\middleware\lvgl\lvsf\lvsf_popup.o
CC build_sf32lb52-lchspi-ulp_hcpu\sifli_sdk\middleware\lvgl\lvsf\lvsf_rlottie.o
CC build_sf32lb52-lchspi-ulp_hcpu\sifli_sdk\middleware\lvgl\lvsf\lvsf_theme_1.o
CC build_sf32lb52-lchspi-ulp_hcpu\sifli_sdk\middleware\lvgl\lvsf\lvsf_utils.o
CC build_sf32lb52-lchspi-ulp_hcpu\sifli_sdk\rtos\kernel\components\drivers\audio\audio.o
CC build_sf32lb52-lchspi-ulp_hcpu\sifli_sdk\rtos\kernel\components\drivers\audio\audio_pipe.o
CC build_sf32lb52-lchspi-ulp_hcpu\sifli_sdk\rtos\kernel\components\drivers\hwtimer\hwtimer.o
CC build_sf32lb52-lchspi-ulp_hcpu\sifli_sdk\rtos\kernel\components\drivers\i2c\i2c_core.o
CC build_sf32lb52-lchspi-ulp_hcpu\sifli_sdk\rtos\kernel\components\drivers\i2c\i2c_dev.o
CC build_sf32lb52-lchspi-ulp_hcpu\sifli_sdk\rtos\kernel\components\drivers\i2c\i2c-bit-ops.o
CC build_sf32lb52-lchspi-ulp_hcpu\sifli_sdk\rtos\kernel\components\drivers\misc\pin.o
CC build_sf32lb52-lchspi-ulp_hcpu\sifli_sdk\rtos\kernel\components\drivers\misc\adc.o
CC build_sf32lb52-lchspi-ulp_hcpu\sifli_sdk\rtos\kernel\components\drivers\misc\rt_drv_pwm.o
CC build_sf32lb52-lchspi-ulp_hcpu\sifli_sdk\rtos\kernel\components\drivers\mtd\mtd_nor.o
CC build_sf32lb52-lchspi-ulp_hcpu\sifli_sdk\rtos\kernel\components\drivers\rtc\rtc.o
CC build_sf32lb52-lchspi-ulp_hcpu\sifli_sdk\rtos\kernel\components\drivers\serial\serial.o
CC build_sf32lb52-lchspi-ulp_hcpu\sifli_sdk\rtos\kernel\components\drivers\spi\spi_core.o
CC build_sf32lb52-lchspi-ulp_hcpu\sifli_sdk\rtos\kernel\components\drivers\spi\spi_dev.o
CC build_sf32lb52-lchspi-ulp_hcpu\sifli_sdk\rtos\kernel\components\drivers\src\completion.o
CC build_sf32lb52-lchspi-ulp_hcpu\sifli_sdk\rtos\kernel\components\drivers\src\dataqueue.o
CC build_sf32lb52-lchspi-ulp_hcpu\sifli_sdk\rtos\kernel\components\drivers\src\pipe.o
CC build_sf32lb52-lchspi-ulp_hcpu\sifli_sdk\rtos\kernel\components\drivers\src\ringblk_buf.o
CC build_sf32lb52-lchspi-ulp_hcpu\sifli_sdk\rtos\kernel\components\drivers\src\ringbuffer.o
CC build_sf32lb52-lchspi-ulp_hcpu\sifli_sdk\rtos\kernel\components\drivers\src\ringbuffer32.o
CC build_sf32lb52-lchspi-ulp_hcpu\sifli_sdk\rtos\kernel\components\drivers\src\waitqueue.o
CC build_sf32lb52-lchspi-ulp_hcpu\sifli_sdk\rtos\kernel\components\drivers\src\workqueue.o
Generating build_sf32lb52-lchspi-ulp_hcpu\link_copy.lds ...
Generating build_sf32lb52-lchspi-ulp_hcpu\ftab\ptab.h ...
Generating build_sf32lb52-lchspi-ulp_hcpu\ftab\link_copy.lds ...
Building compilation database build_sf32lb52-lchspi-ulp_hcpu\ftab\compile_commands.json
LINK build_sf32lb52-lchspi-ulp_hcpu\main.elf
C:/Users/LuZiang/.sifli/tools/arm-none-eabi-gcc/14.2.1/bin/../lib/gcc/arm-none-eabi/14.2.1/../../../../arm-none-eabi/bin/ld.exe: warning: build_sf32lb52-lchspi-ulp_hcpu\main.elf has a LOAD segment with RWX permissions
Generating build_sf32lb52-lchspi-ulp_hcpu\main.hex ...
Generating build_sf32lb52-lchspi-ulp_hcpu\main.bin ...
Generating build_sf32lb52-lchspi-ulp_hcpu\main.asm ...
Generating build_sf32lb52-lchspi-ulp_hcpu\ftab\board\ftab.c ...
WARNING: img "dfu" not found
CC build_sf32lb52-lchspi-ulp_hcpu\ftab\board\ftab.o
LINK build_sf32lb52-lchspi-ulp_hcpu\ftab\ftab.elf
C:/Users/LuZiang/.sifli/tools/arm-none-eabi-gcc/14.2.1/bin/../lib/gcc/arm-none-eabi/14.2.1/../../../../arm-none-eabi/bin/ld.exe: C:/Users/LuZiang/.sifli/tools/arm-none-eabi-gcc/14.2.1/bin/../lib/gcc/arm-none-eabi/14.2.1/thumb/v8-m.main+fp/hard\libg_nano.a(libc_a-closer.o): in function `_close_r':
closer.c:(.text._close_r+0xc): warning: _close is not implemented and will always fail
C:/Users/LuZiang/.sifli/tools/arm-none-eabi-gcc/14.2.1/bin/../lib/gcc/arm-none-eabi/14.2.1/../../../../arm-none-eabi/bin/ld.exe: C:/Users/LuZiang/.sifli/tools/arm-none-eabi-gcc/14.2.1/bin/../lib/gcc/arm-none-eabi/14.2.1/thumb/v8-m.main+fp/hard\libg_nano.a(libc_a-lseekr.o): in function `_lseek_r':
lseekr.c:(.text._lseek_r+0x10): warning: _lseek is not implemented and will always fail
C:/Users/LuZiang/.sifli/tools/arm-none-eabi-gcc/14.2.1/bin/../lib/gcc/arm-none-eabi/14.2.1/../../../../arm-none-eabi/bin/ld.exe: C:/Users/LuZiang/.sifli/tools/arm-none-eabi-gcc/14.2.1/bin/../lib/gcc/arm-none-eabi/14.2.1/thumb/v8-m.main+fp/hard\libg_nano.a(libc_a-readr.o): in function `_read_r':
readr.c:(.text._read_r+0x10): warning: _read is not implemented and will always fail
C:/Users/LuZiang/.sifli/tools/arm-none-eabi-gcc/14.2.1/bin/../lib/gcc/arm-none-eabi/14.2.1/../../../../arm-none-eabi/bin/ld.exe: C:/Users/LuZiang/.sifli/tools/arm-none-eabi-gcc/14.2.1/bin/../lib/gcc/arm-none-eabi/14.2.1/thumb/v8-m.main+fp/hard\libg_nano.a(libc_a-writer.o): in function `_write_r':
writer.c:(.text._write_r+0x10): warning: _write is not implemented and will always fail
C:/Users/LuZiang/.sifli/tools/arm-none-eabi-gcc/14.2.1/bin/../lib/gcc/arm-none-eabi/14.2.1/../../../../arm-none-eabi/bin/ld.exe: C:/Users/LuZiang/.sifli/tools/arm-none-eabi-gcc/14.2.1/bin/../lib/gcc/arm-none-eabi/14.2.1/thumb/v8-m.main+fp/hard\libg_nano.a(libc_a-closer.o): note: the message above does not take linker garbage collection into account
C:/Users/LuZiang/.sifli/tools/arm-none-eabi-gcc/14.2.1/bin/../lib/gcc/arm-none-eabi/14.2.1/../../../../arm-none-eabi/bin/ld.exe: C:/Users/LuZiang/.sifli/tools/arm-none-eabi-gcc/14.2.1/bin/../lib/gcc/arm-none-eabi/14.2.1/thumb/v8-m.main+fp/hard\libg_nano.a(libc_a-lseekr.o): note: the message above does not take linker garbage collection into account
C:/Users/LuZiang/.sifli/tools/arm-none-eabi-gcc/14.2.1/bin/../lib/gcc/arm-none-eabi/14.2.1/../../../../arm-none-eabi/bin/ld.exe: C:/Users/LuZiang/.sifli/tools/arm-none-eabi-gcc/14.2.1/bin/../lib/gcc/arm-none-eabi/14.2.1/thumb/v8-m.main+fp/hard\libg_nano.a(libc_a-readr.o): note: the message above does not take linker garbage collection into account
C:/Users/LuZiang/.sifli/tools/arm-none-eabi-gcc/14.2.1/bin/../lib/gcc/arm-none-eabi/14.2.1/../../../../arm-none-eabi/bin/ld.exe: warning: cannot find entry symbol entry; defaulting to 12000000
C:/Users/LuZiang/.sifli/tools/arm-none-eabi-gcc/14.2.1/bin/../lib/gcc/arm-none-eabi/14.2.1/../../../../arm-none-eabi/bin/ld.exe: C:/Users/LuZiang/.sifli/tools/arm-none-eabi-gcc/14.2.1/bin/../lib/gcc/arm-none-eabi/14.2.1/thumb/v8-m.main+fp/hard\libg_nano.a(libc_a-writer.o): note: the message above does not take linker garbage collection into account
Generating build_sf32lb52-lchspi-ulp_hcpu\ftab\ftab.hex ...
Generating build_sf32lb52-lchspi-ulp_hcpu\ftab\ftab.bin ...
Generating build_sf32lb52-lchspi-ulp_hcpu\ftab\ftab.asm ...
Generating build_sf32lb52-lchspi-ulp_hcpu\download.bat ...
Generated sftool param: build_sf32lb52-lchspi-ulp_hcpu/sftool_param.json
scons: done building targets.
                                              main                             
+------------------------------------------------------------------------------
| Region / Section         |            Total |             Used |             
|--------------------------+------------------+------------------+-------------
| ROM                      |      8,388,608 B |        565,363 B |      7,823,2
|   .text                  |        363,932 B |                  |             
|   .rodata                |        171,731 B |                  |             
|   other                  |            568 B |                  |             
| RAM                      |        523,264 B |        136,740 B |        386,5
|   other                  |        119,264 B |                  |             
|   .bss                   |         14,232 B |                  |             
|   .data                  |          3,244 B |                  |             
+------------------------------------------------------------------------------
  Binary size: 534,400 B
================================================================================
Memory Usage Analysis
================================================================================
================================================================================
SiFli: Build 已完成，退出码 0。
Working directory: c:\Users\LuZiang\Documents\code\huangshanpi-watch-tutorial\lv0-black-bg\project
Command: scons --board=sf32lb52-lchspi-ulp --target=json
正在使用缓存的 SiFli SDK 环境。
Queued: sftool -p COM3 -c SF32LB52 -b 1000000 -m nor write_flash --verify "c:\Users\LuZiang\Documents\code\huangshanpi-watch-tutorial\lv0-black-bg\project\build_sf32lb52-lchspi-ulp_hcpu\bootloader\bootloader.bin@0x12010000" "c:\Users\LuZiang\Documents\code\huangshanpi-watch-tutorial\lv0-black-bg\project\build_sf32lb52-lchspi-ulp_hcpu\main.bin@0x12020000" "c:\Users\LuZiang\Documents\code\huangshanpi-watch-tutorial\lv0-black-bg\project\build_sf32lb52-lchspi-ulp_hcpu\ftab\ftab.bin@0x12000000"
scons: Reading SConscript files ...
Board: sf32lb52-lchspi-ulp_hcpu
Adding ftab subproject for chip: SF32LB52X (ptab v1/v2)
========
Multi-Project Info
--------
full_name       main.bootloader
parent          main
bsp_root        C:\Users\LuZiang\Documents\code\OpenSiFli\SiFli-SDK\main\example\boot_loader\project\butterflmicro\ram_v2
build_dir       build_sf32lb52-lchspi-ulp_hcpu/bootloader
link_script     C:\Users\LuZiang\Documents\code\OpenSiFli\SiFli-SDK\main\example/boot_loader/project/butterflmicro/ram_v2\link
ptab            C:\Users\LuZiang\Documents\code\OpenSiFli\SiFli-SDK\main\customer\boards\sf32lb52-lchspi-ulp\ptab.json
embedded:       False
--------
full_name       main
parent          
bsp_root        C:\Users\LuZiang\Documents\code\huangshanpi-watch-tutorial\lv0-black-bg\project
build_dir       build_sf32lb52-lchspi-ulp_hcpu/
link_script     C:\Users\LuZiang\Documents\code\OpenSiFli\SiFli-SDK\main\drivers/cmsis/sf32lb52x/Templates/gcc/hcpu/link
ptab            C:\Users\LuZiang\Documents\code\OpenSiFli\SiFli-SDK\main\customer\boards\sf32lb52-lchspi-ulp\ptab.json
--------
full_name       main.ftab
parent          main
bsp_root        C:\Users\LuZiang\Documents\code\OpenSiFli\SiFli-SDK\main\example\flash_table\sf32lb52x_common_v2
build_dir       build_sf32lb52-lchspi-ulp_hcpu/ftab
link_script     C:\Users\LuZiang\Documents\code\OpenSiFli\SiFli-SDK\main\drivers/cmsis/sf32lb52x/Templates/gcc/hcpu/link
ptab            C:\Users\LuZiang\Documents\code\OpenSiFli\SiFli-SDK\main\customer\boards\sf32lb52-lchspi-ulp\ptab.json
embedded:       False
========
scons: done reading SConscript files.
scons: Building targets ...
scons: building associated VariantDir targets: build_sf32lb52-lchspi-ulp_hcpu
Generating build_sf32lb52-lchspi-ulp_hcpu\bootloader\link_copy.lds ...
LINK build_sf32lb52-lchspi-ulp_hcpu\bootloader\bootloader.elf
Building compilation database build_sf32lb52-lchspi-ulp_hcpu\bootloader\compile_commands.json
Building compilation database build_sf32lb52-lchspi-ulp_hcpu\compile_commands.json
Generating build_sf32lb52-lchspi-ulp_hcpu\link_copy.lds ...
LINK build_sf32lb52-lchspi-ulp_hcpu\main.elf
Generating build_sf32lb52-lchspi-ulp_hcpu\ftab\link_copy.lds ...
LINK build_sf32lb52-lchspi-ulp_hcpu\ftab\ftab.elf
Building compilation database build_sf32lb52-lchspi-ulp_hcpu\ftab\compile_commands.json
scons: done building targets.
                                              main                             
+------------------------------------------------------------------------------
| Region / Section         |            Total |             Used |             
|--------------------------+------------------+------------------+-------------
| ROM                      |      8,388,608 B |        565,363 B |      7,823,2
|   .text                  |        363,932 B |                  |             
|   .rodata                |        171,731 B |                  |             
|   other                  |            568 B |                  |             
| RAM                      |        523,264 B |        136,740 B |        386,5
|   other                  |        119,264 B |                  |             
|   .bss                   |         14,232 B |                  |             
|   .data                  |          3,244 B |                  |             
+------------------------------------------------------------------------------
  Binary size: 534,400 B
================================================================================
Memory Usage Analysis
================================================================================
================================================================================
Project file index written to C:/Users/LuZiang/Documents/code/huangshanpi-watch-tutorial/lv0-black-bg/project/build_sf32lb52-lchspi-ulp_hcpu\codebase_index.json
SiFli: Generate Codebase Index 已完成，退出码 0。
Working directory: c:\Users\LuZiang\Documents\code\huangshanpi-watch-tutorial\lv0-black-bg\project
Command: sftool -p COM3 -c SF32LB52 -b 1000000 -m nor write_flash --verify "c:\Users\LuZiang\Documents\code\huangshanpi-watch-tutorial\lv0-black-bg\project\build_sf32lb52-lchspi-ulp_hcpu\bootloader\bootloader.bin@0x12010000" "c:\Users\LuZiang\Documents\code\huangshanpi-watch-tutorial\lv0-black-bg\project\build_sf32lb52-lchspi-ulp_hcpu\main.bin@0x12020000" "c:\Users\LuZiang\Documents\code\huangshanpi-watch-tutorial\lv0-black-bg\project\build_sf32lb52-lchspi-ulp_hcpu\ftab\ftab.bin@0x12000000"
正在使用缓存的 SiFli SDK 环境。
SiFli: Download 已完成，退出码 0。
